<html>
<head>
<title>TestNG:  Test</title>
<link href="../testng.css" rel="stylesheet" type="text/css" />
<link href="../my-testng.css" rel="stylesheet" type="text/css" />

<style type="text/css">
.log { display: none;} 
.stack-trace { display: none;} 
</style>
<script type="text/javascript">
<!--
function flip(e) {
  current = e.style.display;
  if (current == 'block') {
    e.style.display = 'none';
    return 0;
  }
  else {
    e.style.display = 'block';
    return 1;
  }
}

function toggleBox(szDivId, elem, msg1, msg2)
{
  var res = -1;  if (document.getElementById) {
    res = flip(document.getElementById(szDivId));
  }
  else if (document.all) {
    // this is the way old msie versions work
    res = flip(document.all[szDivId]);
  }
  if(elem) {
    if(res == 0) elem.innerHTML = msg1; else elem.innerHTML = msg2;
  }

}

function toggleAllBoxes() {
  if (document.getElementsByTagName) {
    d = document.getElementsByTagName('div');
    for (i = 0; i < d.length; i++) {
      if (d[i].className == 'log') {
        flip(d[i]);
      }
    }
  }
}

// -->
</script>

</head>
<body>
<h2 align='center'>Test</h2><table border='1' align="center">
<tr>
<td>Tests passed/Failed/Skipped:</td><td>16/2/1</td>
</tr><tr>
<td>Started on:</td><td>Sat Apr 29 16:25:29 IST 2023</td>
</tr>
<tr><td>Total time:</td><td>0 seconds (151 ms)</td>
</tr><tr>
<td>Included groups:</td><td></td>
</tr><tr>
<td>Excluded groups:</td><td></td>
</tr>
</table><p/>
<small><i>(Hover the method name to see the test class name)</i></small><p/>
<table width='100%' border='1' class='invocation-failed'>
<tr><td colspan='4' align='center'><b>FAILED TESTS</b></td></tr>
<tr><td><b>Test method</b></td>
<td width="30%"><b>Exception</b></td>
<td width="10%"><b>Time (seconds)</b></td>
<td><b>Instance</b></td>
</tr>
<tr>
<td title='testcases.DependsOnDemo.sendFriendRequest()'><b>sendFriendRequest</b><br>Test class: testcases.DependsOnDemo</td>
<td><div><pre>java.lang.AssertionError: Failing Test
	at testcases.DependsOnDemo.sendFriendRequest(DependsOnDemo.java:18)
	at java.base/java.util.ArrayList.forEach(ArrayList.java:1541)
... Removed 28 stack frames</pre></div><a href='#' onClick='toggleBox("stack-trace1272883899", this, "Click to show all stack frames", "Click to hide stack frames")'>Click to show all stack frames</a>
<div class='stack-trace' id='stack-trace1272883899'><pre>java.lang.AssertionError: Failing Test
	at org.testng.Assert.fail(Assert.java:99)
	at testcases.DependsOnDemo.sendFriendRequest(DependsOnDemo.java:18)
	at java.base/jdk.internal.reflect.NativeMethodAccessorImpl.invoke0(Native Method)
	at java.base/jdk.internal.reflect.NativeMethodAccessorImpl.invoke(NativeMethodAccessorImpl.java:62)
	at java.base/jdk.internal.reflect.DelegatingMethodAccessorImpl.invoke(DelegatingMethodAccessorImpl.java:43)
	at java.base/java.lang.reflect.Method.invoke(Method.java:566)
	at org.testng.internal.MethodInvocationHelper.invokeMethod(MethodInvocationHelper.java:133)
	at org.testng.internal.TestInvoker.invokeMethod(TestInvoker.java:598)
	at org.testng.internal.TestInvoker.invokeTestMethod(TestInvoker.java:173)
	at org.testng.internal.MethodRunner.runInSequence(MethodRunner.java:46)
	at org.testng.internal.TestInvoker$MethodInvocationAgent.invoke(TestInvoker.java:824)
	at org.testng.internal.TestInvoker.invokeTestMethods(TestInvoker.java:146)
	at org.testng.internal.TestMethodWorker.invokeTestMethods(TestMethodWorker.java:146)
	at org.testng.internal.TestMethodWorker.run(TestMethodWorker.java:128)
	at java.base/java.util.ArrayList.forEach(ArrayList.java:1541)
	at org.testng.TestRunner.privateRun(TestRunner.java:794)
	at org.testng.TestRunner.run(TestRunner.java:596)
	at org.testng.SuiteRunner.runTest(SuiteRunner.java:377)
	at org.testng.SuiteRunner.runSequentially(SuiteRunner.java:371)
	at org.testng.SuiteRunner.privateRun(SuiteRunner.java:332)
	at org.testng.SuiteRunner.run(SuiteRunner.java:276)
	at org.testng.SuiteRunnerWorker.runSuite(SuiteRunnerWorker.java:53)
	at org.testng.SuiteRunnerWorker.run(SuiteRunnerWorker.java:96)
	at org.testng.TestNG.runSuitesSequentially(TestNG.java:1212)
	at org.testng.TestNG.runSuitesLocally(TestNG.java:1134)
	at org.testng.TestNG.runSuites(TestNG.java:1063)
	at org.testng.TestNG.run(TestNG.java:1031)
	at org.testng.remote.AbstractRemoteTestNG.run(AbstractRemoteTestNG.java:115)
	at org.testng.remote.RemoteTestNG.initAndRun(RemoteTestNG.java:251)
	at org.testng.remote.RemoteTestNG.main(RemoteTestNG.java:77)
</pre></div></td>
<td>0</td>
<td>testcases.DependsOnDemo@14555e0a</td></tr>
<tr>
<td title='testcases.XMLParameters.validateLogin()'><b>validateLogin</b><br>Test class: testcases.XMLParameters</td>
<td><div><pre>org.testng.TestNGException: 
Parameter &apos;user&apos; is required by @Test on method validateLogin but has not been marked @Optional or defined
in C:\Users\Lenovo\eclipse-workspace\SynechronAprilBatch\testng.xml
	at java.base/java.util.ArrayList.forEach(ArrayList.java:1541)
... Removed 26 stack frames</pre></div><a href='#' onClick='toggleBox("stack-trace1193471756", this, "Click to show all stack frames", "Click to hide stack frames")'>Click to show all stack frames</a>
<div class='stack-trace' id='stack-trace1193471756'><pre>org.testng.TestNGException: 
Parameter &apos;user&apos; is required by @Test on method validateLogin but has not been marked @Optional or defined
in C:\Users\Lenovo\eclipse-workspace\SynechronAprilBatch\testng.xml
	at org.testng.internal.Parameters.createParams(Parameters.java:270)
	at org.testng.internal.Parameters.createParametersForMethod(Parameters.java:358)
	at org.testng.internal.Parameters.createParameters(Parameters.java:700)
	at org.testng.internal.Parameters.handleParameters(Parameters.java:884)
	at org.testng.internal.Parameters.handleParameters(Parameters.java:740)
	at org.testng.internal.ParameterHandler.handleParameters(ParameterHandler.java:59)
	at org.testng.internal.ParameterHandler.createParameters(ParameterHandler.java:38)
	at org.testng.internal.TestInvoker$MethodInvocationAgent.invoke(TestInvoker.java:791)
	at org.testng.internal.TestInvoker.invokeTestMethods(TestInvoker.java:146)
	at org.testng.internal.TestMethodWorker.invokeTestMethods(TestMethodWorker.java:146)
	at org.testng.internal.TestMethodWorker.run(TestMethodWorker.java:128)
	at java.base/java.util.ArrayList.forEach(ArrayList.java:1541)
	at org.testng.TestRunner.privateRun(TestRunner.java:794)
	at org.testng.TestRunner.run(TestRunner.java:596)
	at org.testng.SuiteRunner.runTest(SuiteRunner.java:377)
	at org.testng.SuiteRunner.runSequentially(SuiteRunner.java:371)
	at org.testng.SuiteRunner.privateRun(SuiteRunner.java:332)
	at org.testng.SuiteRunner.run(SuiteRunner.java:276)
	at org.testng.SuiteRunnerWorker.runSuite(SuiteRunnerWorker.java:53)
	at org.testng.SuiteRunnerWorker.run(SuiteRunnerWorker.java:96)
	at org.testng.TestNG.runSuitesSequentially(TestNG.java:1212)
	at org.testng.TestNG.runSuitesLocally(TestNG.java:1134)
	at org.testng.TestNG.runSuites(TestNG.java:1063)
	at org.testng.TestNG.run(TestNG.java:1031)
	at org.testng.remote.AbstractRemoteTestNG.run(AbstractRemoteTestNG.java:115)
	at org.testng.remote.RemoteTestNG.initAndRun(RemoteTestNG.java:251)
	at org.testng.remote.RemoteTestNG.main(RemoteTestNG.java:77)
</pre></div></td>
<td>0</td>
<td>testcases.XMLParameters@6392827e</td></tr>
</table><p>
<table width='100%' border='1' class='invocation-passed'>
<tr><td colspan='4' align='center'><b>PASSED TESTS</b></td></tr>
<tr><td><b>Test method</b></td>
<td width="30%"><b>Exception</b></td>
<td width="10%"><b>Time (seconds)</b></td>
<td><b>Instance</b></td>
</tr>
<tr>
<td title='testcases.AnnotaionsDemo.tc1()'><b>tc1</b><br>Test class: testcases.AnnotaionsDemo</td>
<td></td>
<td>0</td>
<td>testcases.AnnotaionsDemo@6fd83fc1</td></tr>
<tr>
<td title='testcases.PriorityDemo.Aple()'><b>Aple</b><br>Test class: testcases.PriorityDemo</td>
<td></td>
<td>0</td>
<td>testcases.PriorityDemo@e15b7e8</td></tr>
<tr>
<td title='testcases.PriorityDemo.blueberry()'><b>blueberry</b><br>Test class: testcases.PriorityDemo</td>
<td></td>
<td>0</td>
<td>testcases.PriorityDemo@e15b7e8</td></tr>
<tr>
<td title='testcases.DependsOnDemo.login()'><b>login</b><br>Test class: testcases.DependsOnDemo</td>
<td></td>
<td>0</td>
<td>testcases.DependsOnDemo@14555e0a</td></tr>
<tr>
<td title='testcases.PriorityDemo.apple()'><b>apple</b><br>Test class: testcases.PriorityDemo</td>
<td></td>
<td>0</td>
<td>testcases.PriorityDemo@e15b7e8</td></tr>
<tr>
<td title='testcases.DependsOnDemo.validateHomePage()'><b>validateHomePage</b><br>Test class: testcases.DependsOnDemo</td>
<td></td>
<td>0</td>
<td>testcases.DependsOnDemo@14555e0a</td></tr>
<tr>
<td title='testcases.BeforeMethodsDemo.tc2()'><b>tc2</b><br>Test class: testcases.BeforeMethodsDemo</td>
<td></td>
<td>0</td>
<td>testcases.BeforeMethodsDemo@209da20d</td></tr>
<tr>
<td title='testcases.GroupsDemo.login()'><b>login</b><br>Test class: testcases.GroupsDemo</td>
<td></td>
<td>0</td>
<td>testcases.GroupsDemo@1b2abca6</td></tr>
<tr>
<td title='testcases.DependsOnDemo.validateHomePage()'><b>validateHomePage</b><br>Test class: testcases.DependsOnDemo</td>
<td></td>
<td>0</td>
<td>testcases.DependsOnDemo@14555e0a</td></tr>
<tr>
<td title='testcases.TestCasesDemo.tc1()'><b>tc1</b><br>Test class: testcases.TestCasesDemo</td>
<td></td>
<td>0</td>
<td>testcases.TestCasesDemo@3bf9ce3e</td></tr>
<tr>
<td title='testcases.GroupsDemo.createUser()'><b>createUser</b><br>Test class: testcases.GroupsDemo</td>
<td></td>
<td>0</td>
<td>testcases.GroupsDemo@1b2abca6</td></tr>
<tr>
<td title='testcases.BeforeMethodsDemo.tc1()'><b>tc1</b><br>Test class: testcases.BeforeMethodsDemo</td>
<td></td>
<td>0</td>
<td>testcases.BeforeMethodsDemo@209da20d</td></tr>
<tr>
<td title='testcases.PriorityDemo.zebra()'><b>zebra</b><br>Test class: testcases.PriorityDemo</td>
<td></td>
<td>0</td>
<td>testcases.PriorityDemo@e15b7e8</td></tr>
<tr>
<td title='testcases.PriorityDemo.chickoo()'><b>chickoo</b><br>Test class: testcases.PriorityDemo</td>
<td></td>
<td>0</td>
<td>testcases.PriorityDemo@e15b7e8</td></tr>
<tr>
<td title='testcases.GroupsDemo.sendNotifications()'><b>sendNotifications</b><br>Test class: testcases.GroupsDemo</td>
<td></td>
<td>0</td>
<td>testcases.GroupsDemo@1b2abca6</td></tr>
<tr>
<td title='testcases.DependsOnDemo.validateHomePage()'><b>validateHomePage</b><br>Test class: testcases.DependsOnDemo</td>
<td></td>
<td>0</td>
<td>testcases.DependsOnDemo@14555e0a</td></tr>
</table><p>
<table width='100%' border='1' class='invocation-skipped'>
<tr><td colspan='4' align='center'><b>SKIPPED TESTS</b></td></tr>
<tr><td><b>Test method</b></td>
<td width="30%"><b>Exception</b></td>
<td width="10%"><b>Time (seconds)</b></td>
<td><b>Instance</b></td>
</tr>
<tr>
<td title='testcases.DependsOnDemo.acceptFriendRequest()'><b>acceptFriendRequest</b><br>Test class: testcases.DependsOnDemo</td>
<td><div><pre>java.lang.Throwable: Method DependsOnDemo.acceptFriendRequest()[pri:0, instance:testcases.DependsOnDemo@14555e0a] depends on not successfully finished methods
	at java.base/java.util.ArrayList.forEach(ArrayList.java:1541)
... Removed 18 stack frames</pre></div><a href='#' onClick='toggleBox("stack-trace1704491411", this, "Click to show all stack frames", "Click to hide stack frames")'>Click to show all stack frames</a>
<div class='stack-trace' id='stack-trace1704491411'><pre>java.lang.Throwable: Method DependsOnDemo.acceptFriendRequest()[pri:0, instance:testcases.DependsOnDemo@14555e0a] depends on not successfully finished methods
	at org.testng.internal.TestInvoker.invokeTestMethods(TestInvoker.java:102)
	at org.testng.internal.TestMethodWorker.invokeTestMethods(TestMethodWorker.java:146)
	at org.testng.internal.TestMethodWorker.run(TestMethodWorker.java:128)
	at java.base/java.util.ArrayList.forEach(ArrayList.java:1541)
	at org.testng.TestRunner.privateRun(TestRunner.java:794)
	at org.testng.TestRunner.run(TestRunner.java:596)
	at org.testng.SuiteRunner.runTest(SuiteRunner.java:377)
	at org.testng.SuiteRunner.runSequentially(SuiteRunner.java:371)
	at org.testng.SuiteRunner.privateRun(SuiteRunner.java:332)
	at org.testng.SuiteRunner.run(SuiteRunner.java:276)
	at org.testng.SuiteRunnerWorker.runSuite(SuiteRunnerWorker.java:53)
	at org.testng.SuiteRunnerWorker.run(SuiteRunnerWorker.java:96)
	at org.testng.TestNG.runSuitesSequentially(TestNG.java:1212)
	at org.testng.TestNG.runSuitesLocally(TestNG.java:1134)
	at org.testng.TestNG.runSuites(TestNG.java:1063)
	at org.testng.TestNG.run(TestNG.java:1031)
	at org.testng.remote.AbstractRemoteTestNG.run(AbstractRemoteTestNG.java:115)
	at org.testng.remote.RemoteTestNG.initAndRun(RemoteTestNG.java:251)
	at org.testng.remote.RemoteTestNG.main(RemoteTestNG.java:77)
</pre></div></td>
<td>0</td>
<td>testcases.DependsOnDemo@14555e0a</td></tr>
</table><p>
</body>
</html>