<?xml version="1.0" encoding="UTF-8"?>
<!-- Generated by org.testng.reporters.JUnitXMLReporter -->
<testsuite ignored="1" hostname="DESKTOP-VRBAL0D" failures="2" tests="19" name="Test" time="0.151" errors="0" timestamp="2023-04-29T16:25:29 IST">
  <testcase classname="testcases.DependsOnDemo" name="login" time="0.006"/>
  <testcase classname="testcases.DependsOnDemo" name="sendFriendRequest" time="0.004">
    <failure type="java.lang.AssertionError" message="Failing Test">
      <![CDATA[java.lang.AssertionError: Failing Test
at testcases.DependsOnDemo.sendFriendRequest(DependsOnDemo.java:18)
at java.base/java.util.ArrayList.forEach(ArrayList.java:1541)
... Removed 28 stack frames]]>
    </failure>
  </testcase> <!-- sendFriendRequest -->
  <testcase classname="testcases.DependsOnDemo" name="acceptFriendRequest" time="0.0">
    <skipped/>
  </testcase> <!-- acceptFriendRequest -->
  <testcase classname="testcases.DependsOnDemo" name="validateHomePage" time="0.002"/>
  <testcase classname="testcases.DependsOnDemo" name="validateHomePage" time="0.002"/>
  <testcase classname="testcases.DependsOnDemo" name="validateHomePage" time="0.001"/>
  <testcase classname="testcases.TestCasesDemo" name="tc1" time="0.003"/>
  <testcase classname="testcases.AnnotaionsDemo" name="tc1" time="0.002"/>
  <testcase classname="testcases.BeforeMethodsDemo" name="tc1" time="0.001"/>
  <testcase classname="testcases.BeforeMethodsDemo" name="tc2" time="0.001"/>
  <testcase classname="testcases.PriorityDemo" name="Aple" time="0.001"/>
  <testcase classname="testcases.PriorityDemo" name="apple" time="0.002"/>
  <testcase classname="testcases.PriorityDemo" name="blueberry" time="0.002"/>
  <testcase classname="testcases.PriorityDemo" name="chickoo" time="0.0"/>
  <testcase classname="testcases.PriorityDemo" name="zebra" time="0.001"/>
  <testcase classname="testcases.GroupsDemo" name="createUser" time="0.002"/>
  <testcase classname="testcases.GroupsDemo" name="login" time="0.003"/>
  <testcase classname="testcases.GroupsDemo" name="sendNotifications" time="0.001"/>
  <testcase classname="testcases.XMLParameters" name="validateLogin" time="0.0">
    <failure type="org.testng.TestNGException" message="
Parameter &amp;apos;user&amp;apos; is required by @Test on method validateLogin but has not been marked @Optional or defined
in C:\Users\Lenovo\eclipse-workspace\SynechronAprilBatch\testng.xml">
      <![CDATA[org.testng.TestNGException: 
Parameter 'user' is required by @Test on method validateLogin but has not been marked @Optional or defined
in C:\Users\Lenovo\eclipse-workspace\SynechronAprilBatch\testng.xml
at java.base/java.util.ArrayList.forEach(ArrayList.java:1541)
... Removed 26 stack frames]]>
    </failure>
  </testcase> <!-- validateLogin -->
  <testcase classname="testcases.DependsOnDemo" name="report" time="0.0">
    <ignored/>
  </testcase> <!-- report -->
</testsuite> <!-- Test -->
